<?xml version="1.0" encoding="UTF-8"?>
<!-- Generated by org.testng.reporters.JUnitReportReporter -->
<testsuite hostname="Keshav" failures="0" tests="6" name="TestRunner.TestRunner" time="139.900" errors="0" timestamp="2021-06-30T20:27:10 IST" skipped="0">
  <testcase classname="TestRunner.TestRunner" name="runScenario" time="20.941"/>
  <system-out/>
  <testcase classname="TestRunner.TestRunner" name="runScenario" time="21.585"/>
  <system-out/>
  <testcase classname="TestRunner.TestRunner" name="runScenario" time="19.941"/>
  <system-out/>
  <testcase classname="TestRunner.TestRunner" name="runScenario" time="19.249"/>
  <system-out/>
  <testcase classname="TestRunner.TestRunner" name="runScenario" time="36.222"/>
  <system-out/>
  <testcase classname="TestRunner.TestRunner" name="runScenario" time="21.962"/>
  <system-out/>
</testsuite> <!-- TestRunner.TestRunner -->
